IQ-TREE multicore version 1.6.8 for Linux 64-bit built Oct 29 2018
Developed by Bui Quang Minh, Nguyen Lam Tung, Olga Chernomor,
Heiko Schmidt, Dominik Schrempf, Michael Woodhams.

Host:    compute06 (AVX, 188 GB RAM)
Command: iqtree -s /home/felixl/PycharmProjects/human_miRNA_evol/output/species_trees/no_mature/supermatrix.aln.proc -bb 1000 -alrt 1000 -nt AUTO -redo -pre /home/felixl/PycharmProjects/human_miRNA_evol/output/species_trees/no_mature
Seed:    884999 (Using SPRNG - Scalable Parallel Random Number Generator)
Time:    Tue Nov 23 15:01:14 2021
Kernel:  AVX - auto-detect threads (24 CPU cores detected)

Reading alignment file /home/felixl/PycharmProjects/human_miRNA_evol/output/species_trees/no_mature/supermatrix.aln.proc ... Fasta format detected
Alignment most likely contains DNA/RNA sequences
Alignment has 402 sequences with 8042 columns, 5295 distinct patterns
3971 parsimony-informative, 759 singleton sites, 3312 constant sites
                                             Gap/Ambiguity  Composition  p-value
   1  Echeneis_naucrates                            27.53%    passed     37.86%
   2  Python_bivittatus                             15.79%    passed     14.14%
   3  Sparus_aurata                                 26.52%    passed     72.41%
   4  Zonotrichia_albicollis                        22.81%    passed     72.10%
   5  Poecilia_mexicana                             28.59%    passed     66.07%
   6  Ficedula_albicollis                           14.34%    passed     74.72%
   7  Myotis_lucifugus                              16.69%    passed     22.76%
   8  Hirundo_rustica                               11.38%    passed     95.79%
   9  Galeopterus_variegatus                         4.71%    passed     77.37%
  10  Phaethon_lepturus                             27.97%    failed      0.40%
  11  Condylura_cristata                            14.67%    failed      4.26%
  12  Delphinapterus_leucas                          1.73%    passed     23.79%
  13  Petromyzon_marinus                            63.24%    failed      1.93%
  14  Mesocricetus_auratus                           3.44%    failed      3.08%
  15  Pimephales_promelas                           26.86%    passed     58.32%
  16  Corvus_cornix_cornix                          12.80%    passed     27.09%
  17  Odocoileus_virginianus_texanus                 1.85%    passed     22.89%
  18  Ovis_aries                                     0.87%    passed     19.20%
  19  Tachysurus_fulvidraco                         27.32%    passed     88.31%
  20  Sinocyclocheilus_rhinocerous                  27.73%    passed     45.45%
  21  Serinus_canaria                               16.25%    passed     93.10%
  22  Parus_major                                   10.88%    passed     79.86%
  23  Perca_flavescens                              26.47%    passed     39.24%
  24  Pteropus_vampyrus                              8.21%    passed     10.31%
  25  Rhinolophus_ferrumequinum                      0.88%    passed     35.92%
  26  Periophthalmus_magnuspinnatus                 32.63%    passed     75.50%
  27  Gasterosteus_aculeatus_aculeatus              31.36%    passed     32.22%
  28  Cercocebus_atys                                1.37%    passed     48.45%
  29  Austrofundulus_limnaeus                       29.62%    passed     78.65%
  30  Betta_splendens                               28.26%    passed     54.29%
  31  Bos_indicus_x_Bos_taurus                       1.32%    passed     20.22%
  32  Molossus_molossus                              2.09%    failed      4.57%
  33  Vulpes_vulpes                                  0.86%    passed     15.28%
  34  Seriola_lalandi_dorsalis                      24.46%    passed     53.83%
  35  Lacerta_agilis                                10.28%    passed     46.26%
  36  Cyprinodon_variegatus                         27.38%    passed     56.30%
  37  Syngnathus_acus                               30.83%    passed     44.73%
  38  Oncorhynchus_tshawytscha                      26.36%    passed     71.63%
  39  Xiphias_gladius                               28.11%    passed     42.28%
  40  Fundulus_heteroclitus                         28.70%    passed     91.02%
  41  Equus_asinus                                   5.72%    passed     50.92%
  42  Motacilla_alba_alba                           11.28%    passed     99.37%
  43  Dromaius_novaehollandiae                      13.02%    failed      3.60%
  44  Balaenoptera_acutorostrata_scammoni            3.84%    passed     20.19%
  45  Astyanax_mexicanus                            26.96%    passed     82.31%
  46  Rhinopithecus_roxellana                        0.83%    passed     42.35%
  47  Apteryx_mantelli_mantelli                     17.27%    failed      0.85%
  48  Trichosurus_vulpecula                          6.02%    passed     55.07%
  49  Notothenia_coriiceps                          28.11%    passed     24.72%
  50  Pundamilia_nyererei                           27.29%    passed     44.01%
  51  Pan_troglodytes                                0.72%    passed     39.85%
  52  Picoides_pubescens                            18.03%    passed     40.56%
  53  Chrysochloris_asiatica                         3.31%    passed     12.11%
  54  Etheostoma_cragini                            26.60%    passed     44.45%
  55  Gavia_stellata                                31.06%    failed      1.57%
  56  Hippocampus_comes                             30.29%    passed     57.29%
  57  Mus_caroli                                     3.25%    passed     11.53%
  58  Urocitellus_parryii                            1.55%    passed     44.80%
  59  Morone_saxatilis                              26.65%    passed     71.84%
  60  Columba_livia                                 15.36%    passed     47.96%
  61  Thamnophis_elegans                            22.02%    passed     11.02%
  62  Canis_lupus_familiaris                         0.92%    passed     20.21%
  63  Camelus_dromedarius                            1.32%    passed     26.14%
  64  Oryctolagus_cuniculus                         15.56%    passed     30.75%
  65  Mustela_putorius_furo                          1.75%    passed      9.12%
  66  Pipra_filicauda                               10.18%    passed     50.27%
  67  Xiphophorus_hellerii                          28.85%    passed     51.03%
  68  Denticeps_clupeoides                          26.95%    passed     55.05%
  69  Ictalurus_punctatus                           29.56%    passed     98.94%
  70  Odobenus_rosmarus_divergens                    0.93%    passed     45.39%
  71  Onychomys_torridus                             5.51%    passed     16.81%
  72  Oryzias_melastigma                            28.11%    passed     89.70%
  73  Zalophus_californianus                         0.78%    passed     39.65%
  74  Acanthopagrus_latus                           25.94%    passed     60.00%
  75  Paramormyrops_kingsleyae                      24.52%    passed     59.11%
  76  Callithrix_jacchus                             2.04%    passed     67.29%
  77  Tinamus_guttatus                              22.33%    passed      8.90%
  78  Egretta_garzetta                              22.05%    passed      6.56%
  79  Mirounga_leonina                               0.98%    passed     37.07%
  80  Loxodonta_africana                             4.23%    passed     28.91%
  81  Scyliorhinus_canicula                         33.67%    failed      1.61%
  82  Meleagris_gallopavo                           15.39%    passed     33.15%
  83  Terrapene_carolina_triunguis                   6.40%    failed      0.44%
  84  Gopherus_evgoodei                              4.58%    failed      0.54%
  85  Balearica_regulorum_gibbericeps               29.50%    failed      1.35%
  86  Chiroxiphia_lanceolata                        10.03%    passed     65.03%
  87  Carcharodon_carcharias                        33.64%    failed      2.37%
  88  Phasianus_colchicus                           11.28%    passed     86.24%
  89  Monopterus_albus                              27.64%    passed     55.32%
  90  Salarias_fasciatus                            32.85%    passed     59.40%
  91  Maylandia_zebra                               27.41%    passed     38.87%
  92  Boleophthalmus_pectinirostris                 33.13%    passed     48.89%
  93  Aythya_fuligula                               11.92%    passed     42.87%
  94  Mauremys_reevesii                              4.49%    failed      1.01%
  95  Micropterus_salmoides                         23.82%    passed     54.69%
  96  Enhydra_lutris_kenyoni                         0.78%    passed     14.67%
  97  Astatotilapia_calliptera                      26.37%    passed     53.04%
  98  Panthera_tigris_altaica                       16.76%    passed     25.33%
  99  Canis_lupus_dingo                              0.90%    passed     21.95%
 100  Athene_cunicularia                            28.33%    passed      6.45%
 101  Pelecanus_crispus                             31.78%    failed      1.72%
 102  Nothobranchius_furzeri                        32.23%    passed     85.95%
 103  Anarrhichthys_ocellatus                       29.72%    passed     84.62%
 104  Gekko_japonicus                               15.54%    passed     65.61%
 105  Sturnus_vulgaris                              11.71%    passed     66.95%
 106  Oryx_dammah                                    0.92%    passed     29.45%
 107  Mastacembelus_armatus                         25.03%    passed     34.87%
 108  Rattus_rattus                                  5.28%    passed      5.68%
 109  Oreochromis_niloticus                         26.16%    passed     23.72%
 110  Microcebus_murinus                             2.30%    passed     19.44%
 111  Cygnus_olor                                   12.77%    passed     32.71%
 112  Pongo_abelii                                   0.68%    passed     48.88%
 113  Salvelinus_sp._IW2-2015                       25.68%    passed     76.63%
 114  Dermochelys_coriacea                           4.46%    failed      0.48%
 115  Neophocaena_asiaeorientalis_asiaeorientalis    4.24%    passed     28.89%
 116  Alligator_sinensis                            15.42%    passed      6.96%
 117  Lonchura_striata_domestica                    12.83%    passed     77.49%
 118  Neopelma_chrysocephalum                       10.97%    passed     64.89%
 119  Passer_montanus                               11.73%    passed     94.97%
 120  Callorhinchus_milii                           32.91%    passed     19.29%
 121  Homo_sapiens                                   0.81%    passed     38.97%
 122  Felis_catus                                    0.81%    passed     37.17%
 123  Opisthocomus_hoazin                           27.85%    failed      2.18%
 124  Halichoerus_grypus                             0.81%    passed     37.87%
 125  Cyclopterus_lumpus                            29.64%    passed     45.90%
 126  Dipodomys_ordii                                5.72%    passed     16.05%
 127  Carassius_auratus                             25.11%    passed     39.51%
 128  Chelonoidis_abingdonii                         6.25%    failed      0.26%
 129  Pygocentrus_nattereri                         24.71%    passed     85.24%
 130  Leptonychotes_weddellii                        3.10%    passed     53.97%
 131  Sander_lucioperca                             27.75%    passed     76.86%
 132  Tachyglossus_aculeatus                        10.86%    passed     88.00%
 133  Bufo_bufo                                     27.23%    failed      0.50%
 134  Notechis_scutatus                             21.80%    failed      2.18%
 135  Marmota_flaviventris                           1.29%    passed     47.92%
 136  Poecilia_reticulata                           29.20%    passed     62.36%
 137  Danio_rerio                                   28.18%    passed     58.92%
 138  Erpetoichthys_calabaricus                     26.71%    failed      2.57%
 139  Molothrus_ater                                 9.15%    passed     95.27%
 140  Simochromis_diagramma                         27.06%    passed     53.42%
 141  Orycteropus_afer_afer                          2.42%    passed     35.51%
 142  Pogona_vitticeps                              12.66%    passed     43.91%
 143  Pangasianodon_hypophthalmus                   29.61%    passed     93.78%
 144  Orcinus_orca                                   0.81%    passed     24.59%
 145  Chanos_chanos                                 20.83%    passed     89.93%
 146  Piliocolobus_tephrosceles                      0.91%    passed     48.39%
 147  Amphiprion_ocellaris                          26.60%    passed     81.65%
 148  Megalops_cyprinoides                          19.39%    passed     99.91%
 149  Peromyscus_maniculatus_bairdii                 3.84%    passed      5.95%
 150  Nannospalax_galili                             4.17%    passed     64.38%
 151  Chrysemys_picta_bellii                         7.34%    failed      1.21%
 152  Acipenser_ruthenus                            21.98%    passed     18.76%
 153  Pteropus_alecto                                5.16%    passed     21.12%
 154  Pantherophis_guttatus                         20.38%    failed      2.82%
 155  Hippoglossus_stenolepis                       26.90%    passed     58.69%
 156  Macaca_nemestrina                              0.97%    passed     39.51%
 157  Sinocyclocheilus_anshuiensis                  29.42%    passed     34.15%
 158  Erinaceus_europaeus                            4.94%    passed     30.63%
 159  Sphaeramia_orbicularis                        24.75%    passed     64.75%
 160  Calypte_anna                                  11.55%    passed     50.85%
 161  Gadus_morhua                                  33.62%    passed     89.79%
 162  Oreochromis_aureus                            26.60%    passed     31.23%
 163  Sinocyclocheilus_grahami                      29.74%    passed     62.20%
 164  Xenopus_tropicalis                            26.73%    failed      1.33%
 165  Pyrgilauda_ruficollis                         10.88%    passed     91.29%
 166  Nematolebias_whitei                           29.87%    passed     75.16%
 167  Crotalus_tigris                               17.30%    passed      7.08%
 168  Cyanistes_caeruleus                           22.44%    passed     51.12%
 169  Crocodylus_porosus                            17.31%    failed      1.59%
 170  Strigops_habroptila                            9.11%    passed     48.31%
 171  Phyllostomus_discolor                          3.26%    failed      2.81%
 172  Electrophorus_electricus                      25.38%    passed     90.44%
 173  Parambassis_ranga                             25.70%    passed     50.05%
 174  Colobus_angolensis_palliatus                   5.06%    passed     75.15%
 175  Scophthalmus_maximus                          28.31%    passed     65.05%
 176  Cricetulus_griseus                             3.77%    passed      8.66%
 177  Elephantulus_edwardii                          5.72%    passed     38.10%
 178  Fukomys_damarensis                             8.41%    passed     31.42%
 179  Acanthisitta_chloris                          25.14%    passed     42.37%
 180  Fulmarus_glacialis                            30.66%    failed      1.06%
 181  Suricata_suricatta                             1.90%    passed     26.97%
 182  Choloepus_didactylus                           3.71%    passed     60.78%
 183  Pygoscelis_adeliae                            20.95%    failed      2.84%
 184  Gorilla_gorilla_gorilla                        6.04%    passed     70.54%
 185  Toxotes_jaculatrix                            25.08%    passed     64.90%
 186  Marmota_marmota_marmota                        2.03%    passed     63.59%
 187  Saimiri_boliviensis_boliviensis                1.42%    passed     45.84%
 188  Rattus_norvegicus                              5.01%    passed      5.25%
 189  Leptosomus_discolor                           28.25%    failed      3.58%
 190  Ictidomys_tridecemlineatus                     2.40%    passed     57.92%
 191  Lipotes_vexillifer                             2.18%    passed     33.93%
 192  Ailuropoda_melanoleuca                         3.23%    passed     11.93%
 193  Pan_paniscus                                   0.70%    passed     42.30%
 194  Theropithecus_gelada                           0.82%    passed     31.12%
 195  Cuculus_canorus                               15.17%    passed     38.66%
 196  Notolabrus_celidotus                          28.25%    passed     52.48%
 197  Eurypyga_helias                               32.50%    passed     15.19%
 198  Chaetura_pelagica                             20.24%    passed     11.71%
 199  Amblyraja_radiata                             35.17%    failed      3.71%
 200  Coturnix_japonica                             14.15%    passed     69.30%
 201  Cavia_porcellus                                5.91%    passed      8.15%
 202  Myotis_brandtii                               11.00%    passed     24.50%
 203  Phalacrocorax_carbo                           32.78%    failed      2.45%
 204  Struthio_camelus_australis                    25.59%    failed      1.56%
 205  Bos_taurus                                     0.96%    passed     18.99%
 206  Epinephelus_lanceolatus                       25.84%    passed     72.42%
 207  Poecilia_formosa                              28.62%    passed     70.72%
 208  Microtus_ochrogaster                           4.19%    passed      9.89%
 209  Ochotona_princeps                              3.16%    passed      6.54%
 210  Falco_peregrinus                              11.73%    passed     13.21%
 211  Alligator_mississippiensis                     9.15%    passed     22.42%
 212  Latimeria_chalumnae                           18.61%    failed      0.03%
 213  Cebus_imitator                                 0.95%    passed     50.12%
 214  Desmodus_rotundus                              6.58%    passed     18.94%
 215  Globicephala_melas                             0.86%    passed     22.84%
 216  Meriones_unguiculatus                          3.85%    failed      1.52%
 217  Charadrius_vociferus                          18.02%    passed     10.53%
 218  Lynx_canadensis                                2.14%    passed     29.50%
 219  Bison_bison_bison                              7.95%    passed     28.34%
 220  Hylobates_moloch                               0.98%    passed     49.86%
 221  Equus_przewalskii                              9.99%    passed     66.96%
 222  Gallus_gallus                                 10.28%    passed     80.16%
 223  Cygnus_atratus                                11.83%    passed     46.14%
 224  Camelus_bactrianus                             8.42%    passed     39.85%
 225  Monodelphis_domestica                         11.58%    passed     55.70%
 226  Scleropages_formosus                          22.84%    passed     77.67%
 227  Oxyura_jamaicensis                            14.26%    passed     33.49%
 228  Mus_pahari                                     2.76%    passed      8.83%
 229  Anguilla_anguilla                             21.36%    passed     99.87%
 230  Falco_cherrug                                 13.08%    passed      6.12%
 231  Neomonachus_schauinslandi                      1.96%    passed     35.17%
 232  Anser_cygnoides_domesticus                    24.24%    passed      8.35%
 233  Mastomys_coucha                                4.12%    passed     14.07%
 234  Melopsittacus_undulatus                        9.72%    passed     66.02%
 235  Acinonyx_jubatus                               0.93%    passed     46.29%
 236  Stegastes_partitus                            26.29%    passed     53.82%
 237  Ursus_arctos_horribilis                        1.79%    passed     23.57%
 238  Myotis_davidii                                12.76%    passed      6.90%
 239  Apteryx_rowi                                  11.50%    passed     16.02%
 240  Catharus_ustulatus                            10.28%    passed     96.24%
 241  Trichechus_manatus_latirostris                 0.96%    passed     44.58%
 242  Octodon_degus                                  3.76%    passed     16.93%
 243  Sus_scrofa                                     0.87%    passed     28.86%
 244  Physeter_catodon                               1.13%    passed     41.03%
 245  Rhinatrema_bivittatum                         15.13%    failed      0.75%
 246  Sturnira_hondurensis                           5.79%    passed      6.08%
 247  Xiphophorus_couchianus                        28.72%    passed     64.85%
 248  Talpa_occidentalis                             2.52%    failed      3.75%
 249  Apaloderma_vittatum                           30.38%    failed      3.94%
 250  Miniopterus_natalensis                         6.83%    passed     23.42%
 251  Cottoperca_gobio                              26.66%    passed     51.26%
 252  Pseudonaja_textilis                           18.49%    failed      2.62%
 253  Nestor_notabilis                              29.93%    passed     13.81%
 254  Phascolarctos_cinereus                         5.07%    passed     31.69%
 255  Ornithorhynchus_anatinus                      10.93%    passed     82.38%
 256  Tupaia_chinensis                               8.89%    passed     12.05%
 257  Aotus_nancymaae                                0.83%    passed     38.11%
 258  Merops_nubicus                                33.52%    passed      9.63%
 259  Panthera_pardus                                2.41%    passed     43.73%
 260  Lates_calcarifer                              26.49%    passed     58.71%
 261  Arvicola_amphibius                             5.01%    passed      7.16%
 262  Balaenoptera_musculus                          0.82%    passed     26.71%
 263  Arvicanthis_niloticus                          3.05%    passed     23.50%
 264  Archocentrus_centrarchus                      24.58%    passed     33.47%
 265  Equus_caballus                                 0.83%    passed     18.19%
 266  Larimichthys_crocea                           25.70%    passed     57.20%
 267  Lontra_canadensis                              0.90%    passed     12.40%
 268  Ceratotherium_simum_simum                      1.85%    passed     29.51%
 269  Clupea_harengus                               28.26%    passed     94.87%
 270  Oryzias_latipes                               28.66%    passed     95.53%
 271  Xiphophorus_maculatus                         28.62%    passed     58.32%
 272  Lepisosteus_oculatus                          21.61%    passed     68.34%
 273  Mus_musculus                                   3.16%    passed     10.24%
 274  Nipponia_nippon                               16.85%    passed     18.24%
 275  Pteropus_giganteus                             1.75%    passed     18.53%
 276  Manis_pentadactyla                             1.90%    passed     13.42%
 277  Ochotona_curzoniae                             2.75%    failed      1.93%
 278  Cynoglossus_semilaevis                        27.80%    passed     33.49%
 279  Paralichthys_olivaceus                        28.13%    passed     34.80%
 280  Dasypus_novemcinctus                           9.75%    passed     61.85%
 281  Sebastes_umbrosus                             24.84%    passed     45.76%
 282  Anolis_carolinensis                           18.80%    passed     23.01%
 283  Jaculus_jaculus                                2.80%    passed     10.49%
 284  Lepidothrix_coronata                          12.78%    passed     54.14%
 285  Myripristis_murdjan                           24.86%    passed     73.54%
 286  Poecilia_latipinna                            29.12%    passed     79.80%
 287  Corapipo_altera                               10.91%    passed     51.33%
 288  Trematomus_bernacchii                         27.43%    passed     14.73%
 289  Pseudopodoces_humilis                         10.69%    passed     94.74%
 290  Numida_meleagris                              12.61%    passed     61.86%
 291  Mesitornis_unicolor                           29.18%    passed     13.44%
 292  Haliaeetus_leucocephalus                      13.21%    passed      9.92%
 293  Ursus_maritimus                                0.95%    passed     26.02%
 294  Corvus_brachyrhynchos                         17.96%    passed     49.52%
 295  Rhinopithecus_bieti                            4.30%    passed     47.62%
 296  Pelodiscus_sinensis                           11.81%    failed      2.96%
 297  Sorex_araneus                                  9.23%    failed      0.17%
 298  Puma_concolor                                 15.75%    passed     56.66%
 299  Haliaeetus_albicilla                          31.41%    failed      0.14%
 300  Gouania_willdenowi                            28.66%    passed     54.59%
 301  Sarcophilus_harrisii                           7.41%    passed     20.20%
 302  Takifugu_rubripes                             31.31%    passed     55.58%
 303  Bubalus_bubalis                                0.92%    passed     10.84%
 304  Zootoca_vivipara                              10.79%    passed     55.34%
 305  Neolamprologus_brichardi                      28.81%    passed     41.77%
 306  Aquila_chrysaetos_chrysaetos                   6.19%    passed     29.64%
 307  Bos_mutus                                      7.16%    passed     17.63%
 308  Thalassophryne_amazonica                      30.00%    passed     65.77%
 309  Salmo_salar                                   26.16%    passed     96.22%
 310  Chelonia_mydas                                 4.84%    failed      2.50%
 311  Phocoena_sinus                                 0.76%    passed     29.31%
 312  Sapajus_apella                                 0.97%    passed     40.42%
 313  Phoca_vitulina                                 0.99%    passed     38.38%
 314  Echinops_telfairi                              7.44%    failed      0.48%
 315  Buceros_rhinoceros_silvestris                 32.88%    failed      2.50%
 316  Salmo_trutta                                  25.94%    passed     89.00%
 317  Seriola_dumerili                              26.25%    passed     43.31%
 318  Nomascus_leucogenys                            0.78%    passed     44.18%
 319  Protobothrops_mucrosquamatus                  18.33%    passed     18.57%
 320  Tauraco_erythrolophus                         26.42%    passed      5.39%
 321  Polypterus_senegalus                          28.69%    failed      1.43%
 322  Camelus_ferus                                  1.84%    passed     17.70%
 323  Rhincodon_typus                               36.16%    failed      2.82%
 324  Grammomys_surdaster                            3.41%    passed     23.41%
 325  Artibeus_jamaicensis                           4.20%    passed      5.95%
 326  Hipposideros_armiger                           1.02%    passed     34.66%
 327  Tyto_alba_alba                                15.24%    failed      4.88%
 328  Vicugna_pacos                                  3.74%    passed     18.64%
 329  Calidris_pugnax                               13.64%    passed     32.64%
 330  Gavialis_gangeticus                           17.01%    failed      1.18%
 331  Thamnophis_sirtalis                           27.77%    failed      2.37%
 332  Acanthochromis_polyacanthus                   26.14%    passed     71.79%
 333  Tursiops_truncatus                             0.76%    passed     27.83%
 334  Aptenodytes_forsteri                          16.58%    passed     22.48%
 335  Gymnodraco_acuticeps                          29.22%    passed     22.39%
 336  Lagenorhynchus_obliquidens                     2.28%    passed     25.17%
 337  Podarcis_muralis                              11.58%    passed     36.92%
 338  Anabas_testudineus                            24.52%    passed     73.73%
 339  Chlamydotis_macqueenii                        31.40%    failed      1.22%
 340  Trachypithecus_francoisi                       2.10%    passed     27.98%
 341  Onychostruthus_taczanowskii                   10.51%    passed     99.22%
 342  Callorhinus_ursinus                            2.08%    passed     44.88%
 343  Oncorhynchus_keta                             26.75%    passed     92.22%
 344  Papio_anubis                                   1.09%    passed     39.12%
 345  Carlito_syrichta                              11.75%    passed     76.36%
 346  Colius_striatus                               31.48%    failed      0.67%
 347  Cyprinus_carpio                               23.15%    passed     78.52%
 348  Colossoma_macropomum                          23.34%    passed     92.57%
 349  Otolemur_garnettii                             3.37%    passed     44.55%
 350  Oncorhynchus_nerka                            27.27%    passed     77.13%
 351  Cyprinodon_tularosa                           26.87%    passed     68.04%
 352  Mandrillus_leucophaeus                         4.89%    passed     75.27%
 353  Capra_hircus                                   0.96%    passed     25.76%
 354  Microcaecilia_unicolor                        14.82%    failed      0.27%
 355  Esox_lucius                                   26.39%    passed     79.73%
 356  Peromyscus_leucopus                            3.58%    passed      5.09%
 357  Kryptolebias_marmoratus                       26.97%    passed     71.91%
 358  Etheostoma_spectabile                         28.91%    passed     31.34%
 359  Macaca_fascicularis                            2.23%    passed     43.28%
 360  Manacus_vitellinus                            18.40%    passed     40.94%
 361  Heterocephalus_glaber                          2.85%    passed     17.30%
 362  Perca_fluviatilis                             27.51%    passed     68.15%
 363  Macaca_mulatta                                 0.70%    passed     36.17%
 364  Oncorhynchus_mykiss                           25.83%    passed     67.79%
 365  Hyaena_hyaena                                  0.95%    passed     33.09%
 366  Salvelinus_namaycush                          24.92%    passed     82.49%
 367  Falco_rusticolus                               8.18%    passed     32.95%
 368  Antrostomus_carolinensis                      28.15%    passed      9.23%
 369  Rana_temporaria                               28.77%    failed      0.21%
 370  Chlorocebus_sabaeus                            1.98%    passed     36.34%
 371  Propithecus_coquereli                          1.57%    passed     44.71%
 372  Pterocles_gutturalis                          31.01%    failed      1.42%
 373  Hippoglossus_hippoglossus                     26.92%    passed     65.46%
 374  Oncorhynchus_kisutch                          25.47%    passed     85.99%
 375  Eptesicus_fuscus                               6.17%    passed     11.89%
 376  Mustela_erminea                                0.61%    passed     11.42%
 377  Bos_indicus                                    7.31%    passed     18.25%
 378  Geospiza_fortis                               17.93%    passed     80.75%
 379  Pseudochaenichthys_georgianus                 28.82%    passed     44.23%
 380  Trachemys_scripta_elegans                      6.99%    failed      0.56%
 381  Pipistrellus_kuhlii                            7.17%    failed      1.51%
 382  Geotrypetes_seraphini                         16.29%    failed      0.40%
 383  Puma_yagouaroundi                              3.18%    passed     32.88%
 384  Labrus_bergylta                               27.92%    passed     89.01%
 385  Myotis_myotis                                  3.68%    passed      5.12%
 386  Nothoprocta_perdicaria                         9.51%    passed     50.31%
 387  Cariama_cristata                              28.31%    failed      0.63%
 388  Chinchilla_lanigera                            3.89%    passed     14.92%
 389  Vombatus_ursinus                               6.68%    passed     22.55%
 390  Castor_canadensis                              2.96%    passed     39.74%
 391  Eumetopias_jubatus                             2.38%    passed     36.60%
 392  Empidonax_traillii                            12.37%    passed     67.74%
 393  Polyodon_spathula                             21.41%    passed     35.01%
 394  Nanorana_parkeri                              28.45%    failed      0.77%
 395  Camarhynchus_parvulus                          8.84%    passed     80.81%
 396  Monodon_monoceros                              0.85%    passed     28.50%
 397  Haplochromis_burtoni                          27.95%    passed     56.61%
 398  Rousettus_aegyptiacus                          0.96%    passed     26.07%
 399  Manis_javanica                                 2.76%    passed     36.09%
 400  Corvus_moneduloides                            9.20%    passed     53.65%
 401  Pungitius_pungitius                           27.97%    passed     51.05%
 402  Anas_platyrhynchos                            13.96%    passed     23.72%
WARNING: 1 sequences contain more than 50% gaps/ambiguity
****  TOTAL                                         15.01%  60 sequences failed composition chi2 test (p-value<5%; df=3)


Create initial parsimony tree by phylogenetic likelihood library (PLL)... 0.718 seconds
NOTE: ModelFinder requires 711 MB RAM!
ModelFinder will test 286 DNA models (sample size: 8042) ...
 No. Model         -LnL         df  AIC          AICc         BIC
Measuring multi-threading efficiency up to 24 CPU cores
Increase to 10 rounds for branch lengths
9 trees examined
Threads: 1 / Time: 25.088 sec / Speedup: 1.000 / Efficiency: 100% / LogL: -891241
Threads: 2 / Time: 19.795 sec / Speedup: 1.267 / Efficiency: 63% / LogL: -891241
Threads: 3 / Time: 15.442 sec / Speedup: 1.625 / Efficiency: 54% / LogL: -891241
Threads: 4 / Time: 12.560 sec / Speedup: 1.997 / Efficiency: 50% / LogL: -891241
BEST NUMBER OF THREADS: 3

  1  JC            272551.916   801 546705.832   546883.291   552306.771
  2  JC+I          253309.418   802 508222.836   508400.763   513830.767
  3  JC+G4         240627.527   802 482859.053   483036.980   488466.984
  4  JC+I+G4       239523.432   803 480652.864   480831.259   486267.788
  5  JC+R2         244657.083   803 490920.165   491098.561   496535.089
  6  JC+R3         240665.843   805 482941.685   483121.019   488570.594
  7  JC+R4         240090.100   807 481794.199   481974.475   487437.093
  8  JC+R5         239838.770   809 481295.541   481476.760   486952.419
  9  JC+R6         239677.831   811 480977.661   481159.828   486648.525
 10  JC+R7         239484.291   813 480594.583   480777.699   486279.431
 11  JC+R8         239344.178   815 480318.356   480502.425   486017.189
 12  JC+R9         239263.719   817 480161.438   480346.462   485874.256
